生成启动时间为 2014/8/15 16:45:15。
     1>项目“C:\Users\chenhan\Desktop\exc\snake\snake\snake.vcxproj”在节点 2 上(build 个目标)。
     1>InitializeBuildStatus:
         正在创建“Debug\snake.unsuccessfulbuild”，因为已指定“AlwaysCreate”。
       ClCompile:
         D:\Microsoft Visual Studio 10.0\VC\bin\CL.exe /c /I"C:\Users\chenhan\Desktop\exc\Libraries\SDL2_image-2.0.0\include" /I"C:\Users\chenhan\Desktop\exc\Libraries\SDL2_mixer-2.0.0\include" /I"C:\Users\chenhan\Desktop\exc\Libraries\SDL2_ttf-2.0.12\include" /I"C:\Users\chenhan\Desktop\exc\Libraries\SDL2-2.0.3\include" /ZI /nologo /W3 /WX- /Od /Oy- /D WIN32 /D _DEBUG /D _CONSOLE /D _UNICODE /D UNICODE /Gm /EHsc /RTC1 /MDd /GS /fp:precise /Zc:wchar_t /Zc:forScope /Fo"Debug\\" /Fd"Debug\vc100.pdb" /Gd /TP /analyze- /errorReport:prompt Game.cpp
         Game.cpp
     1>c:\users\chenhan\desktop\exc\snake\snake\game.cpp(31): warning C4244: “参数”: 从“time_t”转换到“unsigned int”，可能丢失数据
     1>c:\users\chenhan\desktop\exc\snake\snake\game.cpp(38): warning C4018: “<”: 有符号/无符号不匹配
     1>c:\users\chenhan\desktop\exc\snake\snake\game.cpp(41): warning C4018: “<”: 有符号/无符号不匹配
     1>c:\users\chenhan\desktop\exc\snake\snake\game.cpp(62): warning C4018: “<”: 有符号/无符号不匹配
     1>c:\users\chenhan\desktop\exc\snake\snake\game.cpp(134): warning C4018: “<”: 有符号/无符号不匹配
     1>c:\users\chenhan\desktop\exc\snake\snake\game.cpp(157): warning C4996: 'sprintf': This function or variable may be unsafe. Consider using sprintf_s instead. To disable deprecation, use _CRT_SECURE_NO_WARNINGS. See online help for details.
                 d:\microsoft visual studio 10.0\vc\include\stdio.h(371) : 参见“sprintf”的声明
     1>c:\users\chenhan\desktop\exc\snake\snake\game.cpp(195): warning C4018: “<”: 有符号/无符号不匹配
     1>c:\users\chenhan\desktop\exc\snake\snake\game.cpp(197): warning C4018: “<”: 有符号/无符号不匹配
       Link:
         D:\Microsoft Visual Studio 10.0\VC\bin\link.exe /ERRORREPORT:PROMPT /OUT:"C:\Users\chenhan\Desktop\exc\snake\Debug\snake.exe" /INCREMENTAL /NOLOGO /LIBPATH:"C:\Users\chenhan\Desktop\exc\Libraries\SDL2_image-2.0.0\lib\x86" /LIBPATH:"C:\Users\chenhan\Desktop\exc\Libraries\SDL2_mixer-2.0.0\lib\x86" /LIBPATH:"C:\Users\chenhan\Desktop\exc\Libraries\SDL2_ttf-2.0.12\lib\x86" /LIBPATH:"C:\Users\chenhan\Desktop\exc\Libraries\SDL2-2.0.3\lib\x86" SDL2.lib SDL2main.lib SDL2_mixer.lib SDL2_image.lib SDL2_ttf.lib kernel32.lib user32.lib gdi32.lib winspool.lib comdlg32.lib advapi32.lib shell32.lib ole32.lib oleaut32.lib uuid.lib odbc32.lib odbccp32.lib /MANIFEST:NO /DEBUG /PDB:"C:\Users\chenhan\Desktop\exc\snake\Debug\snake.pdb" /SUBSYSTEM:CONSOLE /TLBID:1 /DYNAMICBASE /NXCOMPAT /IMPLIB:"C:\Users\chenhan\Desktop\exc\snake\Debug\snake.lib" /MACHINE:X86 Debug\Draw_Rect.obj
         Debug\Game.obj
         Debug\SDL_Setup.obj
         Debug\snake.obj
         snake.vcxproj -> C:\Users\chenhan\Desktop\exc\snake\Debug\snake.exe
       FinalizeBuildStatus:
         正在删除文件“Debug\snake.unsuccessfulbuild”。
         正在对“Debug\snake.lastbuildstate”执行 Touch 任务。
     1>已完成生成项目“C:\Users\chenhan\Desktop\exc\snake\snake\snake.vcxproj”(build 个目标)的操作。

生成成功。

已用时间 00:00:01.32
